Signup error: password cannot be longer than 72 bytes, truncate manually if necessary (e.g. my_password[:72])
Traceback (most recent call last):
  File "C:\Users\Apurva\Documents\Projectssss\critexa\backend\main.py", line 97, in signup
    hashed_password = get_password_hash(user.password)
  File "C:\Users\Apurva\Documents\Projectssss\critexa\backend\main.py", line 46, in get_password_hash
    return pwd_context.hash(password)
           ~~~~~~~~~~~~~~~~^^^^^^^^^^
  File "C:\Users\Apurva\Documents\Projectssss\critexa\backend\venv\Lib\site-packages\passlib\context.py", line 2258, in hash
    return record.hash(secret, **kwds)
           ~~~~~~~~~~~^^^^^^^^^^^^^^^^
  File "C:\Users\Apurva\Documents\Projectssss\critexa\backend\venv\Lib\site-packages\passlib\utils\handlers.py", line 779, in hash
    self.checksum = self._calc_checksum(secret)
                    ~~~~~~~~~~~~~~~~~~~^^^^^^^^
  File "C:\Users\Apurva\Documents\Projectssss\critexa\backend\venv\Lib\site-packages\passlib\handlers\bcrypt.py", line 591, in _calc_checksum
    self._stub_requires_backend()
    ~~~~~~~~~~~~~~~~~~~~~~~~~~~^^
  File "C:\Users\Apurva\Documents\Projectssss\critexa\backend\venv\Lib\site-packages\passlib\utils\handlers.py", line 2254, in _stub_requires_backend
    cls.set_backend()
    ~~~~~~~~~~~~~~~^^
  File "C:\Users\Apurva\Documents\Projectssss\critexa\backend\venv\Lib\site-packages\passlib\utils\handlers.py", line 2156, in set_backend
    return owner.set_backend(name, dryrun=dryrun)
           ~~~~~~~~~~~~~~~~~^^^^^^^^^^^^^^^^^^^^^
  File "C:\Users\Apurva\Documents\Projectssss\critexa\backend\venv\Lib\site-packages\passlib\utils\handlers.py", line 2163, in set_backend
    return cls.set_backend(name, dryrun=dryrun)
           ~~~~~~~~~~~~~~~^^^^^^^^^^^^^^^^^^^^^
  File "C:\Users\Apurva\Documents\Projectssss\critexa\backend\venv\Lib\site-packages\passlib\utils\handlers.py", line 2188, in set_backend
    cls._set_backend(name, dryrun)
    ~~~~~~~~~~~~~~~~^^^^^^^^^^^^^^
  File "C:\Users\Apurva\Documents\Projectssss\critexa\backend\venv\Lib\site-packages\passlib\utils\handlers.py", line 2311, in _set_backend
    super(SubclassBackendMixin, cls)._set_backend(name, dryrun)
    ~~~~~~~~~~~~~~~~~~~~~~~~~~~~~~~~~~~~~~~~~~~~~^^^^^^^^^^^^^^
  File "C:\Users\Apurva\Documents\Projectssss\critexa\backend\venv\Lib\site-packages\passlib\utils\handlers.py", line 2224, in _set_backend
    ok = loader(**kwds)
  File "C:\Users\Apurva\Documents\Projectssss\critexa\backend\venv\Lib\site-packages\passlib\handlers\bcrypt.py", line 626, in _load_backend_mixin
    return mixin_cls._finalize_backend_mixin(name, dryrun)
           ~~~~~~~~~~~~~~~~~~~~~~~~~~~~~~~~~^^^^^^^^^^^^^^
  File "C:\Users\Apurva\Documents\Projectssss\critexa\backend\venv\Lib\site-packages\passlib\handlers\bcrypt.py", line 421, in _finalize_backend_mixin
    if detect_wrap_bug(IDENT_2A):
       ~~~~~~~~~~~~~~~^^^^^^^^^^
  File "C:\Users\Apurva\Documents\Projectssss\critexa\backend\venv\Lib\site-packages\passlib\handlers\bcrypt.py", line 380, in detect_wrap_bug
    if verify(secret, bug_hash):
       ~~~~~~^^^^^^^^^^^^^^^^^^
  File "C:\Users\Apurva\Documents\Projectssss\critexa\backend\venv\Lib\site-packages\passlib\utils\handlers.py", line 792, in verify
    return consteq(self._calc_checksum(secret), chk)
                   ~~~~~~~~~~~~~~~~~~~^^^^^^^^
  File "C:\Users\Apurva\Documents\Projectssss\critexa\backend\venv\Lib\site-packages\passlib\handlers\bcrypt.py", line 655, in _calc_checksum
    hash = _bcrypt.hashpw(secret, config)
ValueError: password cannot be longer than 72 bytes, truncate manually if necessary (e.g. my_password[:72])

Signup error: no such table: users
Traceback (most recent call last):
  File "C:\Users\Apurva\Documents\Projectssss\critexa\backend\main.py", line 93, in signup
    existing_user = get_user_by_email(user.email)
  File "C:\Users\Apurva\Documents\Projectssss\critexa\backend\database.py", line 168, in get_user_by_email
    cursor.execute('SELECT * FROM users WHERE email = ?', (email.lower(),))
    ~~~~~~~~~~~~~~^^^^^^^^^^^^^^^^^^^^^^^^^^^^^^^^^^^^^^^^^^^^^^^^^^^^^^^^^
sqlite3.OperationalError: no such table: users

Signup error: 400: Email already registered
Traceback (most recent call last):
  File "/Users/devpranidhan/Downloads/critexa 3/backend/main.py", line 95, in signup
    raise HTTPException(status_code=400, detail="Email already registered")
fastapi.exceptions.HTTPException: 400: Email already registered

Signup error: 400: Email already registered
Traceback (most recent call last):
  File "/Users/devpranidhan/Downloads/critexa 3/backend/main.py", line 95, in signup
    raise HTTPException(status_code=400, detail="Email already registered")
fastapi.exceptions.HTTPException: 400: Email already registered

Signup error: UNIQUE constraint failed: users.roll_number
Traceback (most recent call last):
  File "/Users/devpranidhan/Downloads/critexa 3/backend/main.py", line 98, in signup
    create_user(user.email, hashed_password, user.role, user.roll_number)
    ~~~~~~~~~~~^^^^^^^^^^^^^^^^^^^^^^^^^^^^^^^^^^^^^^^^^^^^^^^^^^^^^^^^^^
  File "/Users/devpranidhan/Downloads/critexa 3/backend/database.py", line 157, in create_user
    cursor.execute('''
    ~~~~~~~~~~~~~~^^^^
        INSERT INTO users (email, password_hash, role, roll_number)
        ^^^^^^^^^^^^^^^^^^^^^^^^^^^^^^^^^^^^^^^^^^^^^^^^^^^^^^^^^^^
        VALUES (?, ?, ?, ?)
        ^^^^^^^^^^^^^^^^^^^
    ''', (email.lower(), password_hash, role, roll_number))
    ^^^^^^^^^^^^^^^^^^^^^^^^^^^^^^^^^^^^^^^^^^^^^^^^^^^^^^^
sqlite3.IntegrityError: UNIQUE constraint failed: users.roll_number

Signup error: 400: Email already registered
Traceback (most recent call last):
  File "/Users/devpranidhan/Downloads/critexa 3/backend/main.py", line 95, in signup
    raise HTTPException(status_code=400, detail="Email already registered")
fastapi.exceptions.HTTPException: 400: Email already registered

